

Microchip MPLAB XC8 Assembler V2.31 build 20201012212115 
                                                                                               Wed Mar 31 21:56:38 2021

Microchip MPLAB XC8 C Compiler v2.31 (Free license) build 20201012212115 Og1 
     1                           	processor	18F27Q43
     2                           	fnconf	rparam,??,?,0
     3                           	pagewidth 120
     4                           	opt	flic
     5                           	psect	idataBANK6,global,class=CODE,delta=1,noexec
     6                           	psect	cinit,global,reloc=2,class=CODE,delta=1
     7                           	psect	bssCOMRAM,global,class=COMRAM,space=1,delta=1,lowdata,noexec
     8                           	psect	dataBANK6,global,class=BANK6,space=1,delta=1,lowdata,noexec
     9                           	psect	cstackCOMRAM,global,class=COMRAM,space=1,delta=1,lowdata,noexec
    10                           	psect	text0,global,reloc=2,class=CODE,delta=1
    11                           	psect	text1,global,reloc=2,class=CODE,delta=1
    12                           	psect	text2,global,reloc=2,class=CODE,delta=1
    13                           	psect	text3,global,reloc=2,class=CODE,delta=1
    14                           	psect	text4,global,reloc=2,class=CODE,delta=1
    15                           	psect	text5,global,reloc=2,class=CODE,delta=1
    16                           	psect	text6,global,reloc=2,class=CODE,delta=1
    17                           	psect	text7,global,reloc=2,class=CODE,delta=1
    18                           	psect	intsave_regs,global,class=BIGRAM,space=1,delta=1,noexec
    19                           	psect	rparam,global,class=COMRAM,space=1,delta=1,noexec
    20                           	psect	idloc,global,abs,ovrld,class=IDLOC,space=5,delta=1,noexec
    21                           	psect	config,global,abs,ovrld,class=CONFIG,space=4,delta=1,noexec
    22  0000                     
    23                           ; Version 2.30
    24                           ; Generated 20/08/2020 GMT
    25                           ; 
    26                           ; Copyright © 2020, Microchip Technology Inc. and its subsidiaries ("Microchip")
    27                           ; All rights reserved.
    28                           ; 
    29                           ; This software is developed by Microchip Technology Inc. and its subsidiaries ("Microch
      +                          ip").
    30                           ; 
    31                           ; Redistribution and use in source and binary forms, with or without modification, are
    32                           ; permitted provided that the following conditions are met:
    33                           ; 
    34                           ;     1. Redistributions of source code must retain the above copyright notice, this lis
      +                          t of
    35                           ;        conditions and the following disclaimer.
    36                           ; 
    37                           ;     2. Redistributions in binary form must reproduce the above copyright notice, this 
      +                          list
    38                           ;        of conditions and the following disclaimer in the documentation and/or other
    39                           ;        materials provided with the distribution. Publication is not required when
    40                           ;        this file is used in an embedded application.
    41                           ; 
    42                           ;     3. Microchip's name may not be used to endorse or promote products derived from th
      +                          is
    43                           ;        software without specific prior written permission.
    44                           ; 
    45                           ; THIS SOFTWARE IS PROVIDED BY MICROCHIP "AS IS" AND ANY EXPRESS OR IMPLIED WARRANTIES,
    46                           ; INCLUDING, BUT NOT LIMITED TO, THE IMPLIED WARRANTIES OF MERCHANTABILITY AND FITNESS F
      +                          OR
    47                           ; PURPOSE ARE DISCLAIMED.  IN NO EVENT SHALL MICROCHIP BE LIABLE FOR ANY DIRECT, INDIREC
      +                          T,
    48                           ; INCIDENTAL, SPECIAL, EXEMPLARY, OR CONSEQUENTIAL DAMAGES (INCLUDING BUT NOT LIMITED TO
    49                           ; PROCUREMENT OF SUBSTITUTE GOODS OR SERVICES; LOSS OF USE, DATA OR PROFITS; OR BUSINESS
    50                           ; INTERRUPTION) HOWSOEVER CAUSED AND ON ANY THEORY OF LIABILITY, WHETHER IN CONTRACT, ST
      +                          RICT
    51                           ; LIABILITY, OR TORT (INCLUDING NEGLIGENCE OR OTHERWISE) ARISING IN ANY WAY OUT OF THE U
      +                          SE OF
    52                           ; THIS SOFTWARE, EVEN IF ADVISED OF THE POSSIBILITY OF SUCH DAMAGE.
    53                           ; 
    54                           ; 
    55                           ; Code-generator required, PIC18F27Q43 Definitions
    56                           ; 
    57                           ; SFR Addresses
    58  0000                     
    59                           	psect	idataBANK6
    60  01FEFC                     __pidataBANK6:
    61                           	callstack 0
    62                           
    63                           ;initializer for _UserApp_au8sinTable
    64  01FEFC  80                 	db	128
    65  01FEFD  83                 	db	131
    66  01FEFE  86                 	db	134
    67  01FEFF  89                 	db	137
    68  01FF00  8C                 	db	140
    69  01FF01  8F                 	db	143
    70  01FF02  92                 	db	146
    71  01FF03  95                 	db	149
    72  01FF04  98                 	db	152
    73  01FF05  9B                 	db	155
    74  01FF06  9E                 	db	158
    75  01FF07  A2                 	db	162
    76  01FF08  A5                 	db	165
    77  01FF09  A7                 	db	167
    78  01FF0A  AA                 	db	170
    79  01FF0B  AD                 	db	173
    80  01FF0C  B0                 	db	176
    81  01FF0D  B3                 	db	179
    82  01FF0E  B6                 	db	182
    83  01FF0F  B9                 	db	185
    84  01FF10  BC                 	db	188
    85  01FF11  BE                 	db	190
    86  01FF12  C1                 	db	193
    87  01FF13  C4                 	db	196
    88  01FF14  C6                 	db	198
    89  01FF15  C9                 	db	201
    90  01FF16  CB                 	db	203
    91  01FF17  CE                 	db	206
    92  01FF18  D0                 	db	208
    93  01FF19  D3                 	db	211
    94  01FF1A  D5                 	db	213
    95  01FF1B  D7                 	db	215
    96  01FF1C  DA                 	db	218
    97  01FF1D  DC                 	db	220
    98  01FF1E  DE                 	db	222
    99  01FF1F  E0                 	db	224
   100  01FF20  E2                 	db	226
   101  01FF21  E4                 	db	228
   102  01FF22  E6                 	db	230
   103  01FF23  E8                 	db	232
   104  01FF24  EA                 	db	234
   105  01FF25  EB                 	db	235
   106  01FF26  ED                 	db	237
   107  01FF27  EE                 	db	238
   108  01FF28  F0                 	db	240
   109  01FF29  F1                 	db	241
   110  01FF2A  F3                 	db	243
   111  01FF2B  F4                 	db	244
   112  01FF2C  F5                 	db	245
   113  01FF2D  F6                 	db	246
   114  01FF2E  F8                 	db	248
   115  01FF2F  F9                 	db	249
   116  01FF30  FA                 	db	250
   117  01FF31  FA                 	db	250
   118  01FF32  FB                 	db	251
   119  01FF33  FC                 	db	252
   120  01FF34  FD                 	db	253
   121  01FF35  FD                 	db	253
   122  01FF36  FE                 	db	254
   123  01FF37  FE                 	db	254
   124  01FF38  FE                 	db	254
   125  01FF39  FF                 	db	255
   126  01FF3A  FF                 	db	255
   127  01FF3B  FF                 	db	255
   128  01FF3C  FF                 	db	255
   129  01FF3D  FF                 	db	255
   130  01FF3E  FF                 	db	255
   131  01FF3F  FF                 	db	255
   132  01FF40  FE                 	db	254
   133  01FF41  FE                 	db	254
   134  01FF42  FE                 	db	254
   135  01FF43  FD                 	db	253
   136  01FF44  FD                 	db	253
   137  01FF45  FC                 	db	252
   138  01FF46  FB                 	db	251
   139  01FF47  FA                 	db	250
   140  01FF48  FA                 	db	250
   141  01FF49  F9                 	db	249
   142  01FF4A  F8                 	db	248
   143  01FF4B  F6                 	db	246
   144  01FF4C  F5                 	db	245
   145  01FF4D  F4                 	db	244
   146  01FF4E  F3                 	db	243
   147  01FF4F  F1                 	db	241
   148  01FF50  F0                 	db	240
   149  01FF51  EE                 	db	238
   150  01FF52  ED                 	db	237
   151  01FF53  EB                 	db	235
   152  01FF54  EA                 	db	234
   153  01FF55  E8                 	db	232
   154  01FF56  E6                 	db	230
   155  01FF57  E4                 	db	228
   156  01FF58  E2                 	db	226
   157  01FF59  E0                 	db	224
   158  01FF5A  DE                 	db	222
   159  01FF5B  DC                 	db	220
   160  01FF5C  DA                 	db	218
   161  01FF5D  D7                 	db	215
   162  01FF5E  D5                 	db	213
   163  01FF5F  D3                 	db	211
   164  01FF60  D0                 	db	208
   165  01FF61  CE                 	db	206
   166  01FF62  CB                 	db	203
   167  01FF63  C9                 	db	201
   168  01FF64  C6                 	db	198
   169  01FF65  C4                 	db	196
   170  01FF66  C1                 	db	193
   171  01FF67  BE                 	db	190
   172  01FF68  BC                 	db	188
   173  01FF69  B9                 	db	185
   174  01FF6A  B6                 	db	182
   175  01FF6B  B3                 	db	179
   176  01FF6C  B0                 	db	176
   177  01FF6D  AD                 	db	173
   178  01FF6E  AA                 	db	170
   179  01FF6F  A7                 	db	167
   180  01FF70  A5                 	db	165
   181  01FF71  A2                 	db	162
   182  01FF72  9E                 	db	158
   183  01FF73  9B                 	db	155
   184  01FF74  98                 	db	152
   185  01FF75  95                 	db	149
   186  01FF76  92                 	db	146
   187  01FF77  8F                 	db	143
   188  01FF78  8C                 	db	140
   189  01FF79  89                 	db	137
   190  01FF7A  86                 	db	134
   191  01FF7B  83                 	db	131
   192  01FF7C  80                 	db	128
   193  01FF7D  7C                 	db	124
   194  01FF7E  79                 	db	121
   195  01FF7F  76                 	db	118
   196  01FF80  73                 	db	115
   197  01FF81  70                 	db	112
   198  01FF82  6D                 	db	109
   199  01FF83  6A                 	db	106
   200  01FF84  67                 	db	103
   201  01FF85  64                 	db	100
   202  01FF86  61                 	db	97
   203  01FF87  5D                 	db	93
   204  01FF88  5A                 	db	90
   205  01FF89  58                 	db	88
   206  01FF8A  55                 	db	85
   207  01FF8B  52                 	db	82
   208  01FF8C  4F                 	db	79
   209  01FF8D  4C                 	db	76
   210  01FF8E  49                 	db	73
   211  01FF8F  46                 	db	70
   212  01FF90  43                 	db	67
   213  01FF91  41                 	db	65
   214  01FF92  3E                 	db	62
   215  01FF93  3B                 	db	59
   216  01FF94  39                 	db	57
   217  01FF95  36                 	db	54
   218  01FF96  34                 	db	52
   219  01FF97  31                 	db	49
   220  01FF98  2F                 	db	47
   221  01FF99  2C                 	db	44
   222  01FF9A  2A                 	db	42
   223  01FF9B  28                 	db	40
   224  01FF9C  25                 	db	37
   225  01FF9D  23                 	db	35
   226  01FF9E  21                 	db	33
   227  01FF9F  1F                 	db	31
   228  01FFA0  1D                 	db	29
   229  01FFA1  1B                 	db	27
   230  01FFA2  19                 	db	25
   231  01FFA3  17                 	db	23
   232  01FFA4  15                 	db	21
   233  01FFA5  14                 	db	20
   234  01FFA6  12                 	db	18
   235  01FFA7  11                 	db	17
   236  01FFA8  0F                 	db	15
   237  01FFA9  0E                 	db	14
   238  01FFAA  0C                 	db	12
   239  01FFAB  0B                 	db	11
   240  01FFAC  0A                 	db	10
   241  01FFAD  09                 	db	9
   242  01FFAE  07                 	db	7
   243  01FFAF  06                 	db	6
   244  01FFB0  05                 	db	5
   245  01FFB1  05                 	db	5
   246  01FFB2  04                 	db	4
   247  01FFB3  03                 	db	3
   248  01FFB4  02                 	db	2
   249  01FFB5  02                 	db	2
   250  01FFB6  01                 	db	1
   251  01FFB7  01                 	db	1
   252  01FFB8  01                 	db	1
   253  01FFB9  00                 	db	0
   254  01FFBA  00                 	db	0
   255  01FFBB  00                 	db	0
   256  01FFBC  00                 	db	0
   257  01FFBD  00                 	db	0
   258  01FFBE  00                 	db	0
   259  01FFBF  00                 	db	0
   260  01FFC0  01                 	db	1
   261  01FFC1  01                 	db	1
   262  01FFC2  01                 	db	1
   263  01FFC3  02                 	db	2
   264  01FFC4  02                 	db	2
   265  01FFC5  03                 	db	3
   266  01FFC6  04                 	db	4
   267  01FFC7  05                 	db	5
   268  01FFC8  05                 	db	5
   269  01FFC9  06                 	db	6
   270  01FFCA  07                 	db	7
   271  01FFCB  09                 	db	9
   272  01FFCC  0A                 	db	10
   273  01FFCD  0B                 	db	11
   274  01FFCE  0C                 	db	12
   275  01FFCF  0E                 	db	14
   276  01FFD0  0F                 	db	15
   277  01FFD1  11                 	db	17
   278  01FFD2  12                 	db	18
   279  01FFD3  14                 	db	20
   280  01FFD4  15                 	db	21
   281  01FFD5  17                 	db	23
   282  01FFD6  19                 	db	25
   283  01FFD7  1B                 	db	27
   284  01FFD8  1D                 	db	29
   285  01FFD9  1F                 	db	31
   286  01FFDA  21                 	db	33
   287  01FFDB  23                 	db	35
   288  01FFDC  25                 	db	37
   289  01FFDD  28                 	db	40
   290  01FFDE  2A                 	db	42
   291  01FFDF  2C                 	db	44
   292  01FFE0  2F                 	db	47
   293  01FFE1  31                 	db	49
   294  01FFE2  34                 	db	52
   295  01FFE3  36                 	db	54
   296  01FFE4  39                 	db	57
   297  01FFE5  3B                 	db	59
   298  01FFE6  3E                 	db	62
   299  01FFE7  41                 	db	65
   300  01FFE8  43                 	db	67
   301  01FFE9  46                 	db	70
   302  01FFEA  49                 	db	73
   303  01FFEB  4C                 	db	76
   304  01FFEC  4F                 	db	79
   305  01FFED  52                 	db	82
   306  01FFEE  55                 	db	85
   307  01FFEF  58                 	db	88
   308  01FFF0  5A                 	db	90
   309  01FFF1  5D                 	db	93
   310  01FFF2  61                 	db	97
   311  01FFF3  64                 	db	100
   312  01FFF4  67                 	db	103
   313  01FFF5  6A                 	db	106
   314  01FFF6  6D                 	db	109
   315  01FFF7  70                 	db	112
   316  01FFF8  73                 	db	115
   317  01FFF9  76                 	db	118
   318  01FFFA  79                 	db	121
   319  01FFFB  7C                 	db	124
   320  0000                     _DAC1DATL	set	125
   321  0000                     _DAC1CON	set	127
   322  0000                     _TMR0L	set	792
   323  0000                     _TMR0H	set	793
   324  0000                     _T0CON0bits	set	794
   325  0000                     _T0CON1	set	795
   326  0000                     _ANSELA	set	1024
   327  0000                     _PIR3bits	set	1201
   328  0000                     _PIR3	set	1201
   329  0000                     _TRISA	set	1222
   330  0000                     _LATA	set	1214
   331                           
   332                           ; #config settings
   333                           
   334                           	psect	cinit
   335  01FE4A                     __pcinit:
   336                           	callstack 0
   337  01FE4A                     start_initialization:
   338                           	callstack 0
   339  01FE4A                     __initialization:
   340                           	callstack 0
   341                           
   342                           ; Initialize objects allocated to BANK6 (256 bytes)
   343                           ; load TBLPTR registers with __pidataBANK6
   344  01FE4A  0EFC               	movlw	low __pidataBANK6
   345  01FE4C  6EF6               	movwf	tblptrl,c
   346  01FE4E  0EFE               	movlw	high __pidataBANK6
   347  01FE50  6EF7               	movwf	tblptrh,c
   348  01FE52  0E01               	movlw	low (__pidataBANK6 shr (0+16))
   349  01FE54  6EF8               	movwf	tblptru,c
   350  01FE56  EE01  F200         	lfsr	0,__pdataBANK6
   351  01FE5A  EE10 F100          	lfsr	1,256
   352  01FE5E                     copy_data0:
   353  01FE5E  0009               	tblrd		*+
   354  01FE60  C4F5 F4EE          	movff	tablat,postinc0
   355  01FE64  50E5               	movf	postdec1,w,c
   356  01FE66  50E1               	movf	fsr1l,w,c
   357  01FE68  E1FA               	bnz	copy_data0
   358  01FE6A  50E2               	movf	fsr1h,w,c
   359  01FE6C  E1F8               	bnz	copy_data0
   360                           
   361                           ; Clear objects allocated to COMRAM (14 bytes)
   362  01FE6E  EE01  F101         	lfsr	0,__pbssCOMRAM
   363  01FE72  0E0E               	movlw	14
   364  01FE74                     clear_0:
   365  01FE74  6AEE               	clrf	postinc0,c
   366  01FE76  06E8               	decf	wreg,f,c
   367  01FE78  E1FD               	bnz	clear_0
   368  01FE7A                     end_of_initialization:
   369                           	callstack 0
   370  01FE7A                     __end_of__initialization:
   371                           	callstack 0
   372  01FE7A  0100               	movlb	0
   373  01FE7C  EF5C  F0FF         	goto	_main	;jump to C main() function
   374                           
   375                           	psect	bssCOMRAM
   376  000501                     __pbssCOMRAM:
   377                           	callstack 0
   378  000501                     _G_u32SystemFlags:
   379                           	callstack 0
   380  000501                     	ds	4
   381  000505                     _G_u32SystemTime1s:
   382                           	callstack 0
   383  000505                     	ds	4
   384  000509                     _G_u32SystemTime1ms:
   385                           	callstack 0
   386  000509                     	ds	4
   387  00050D                     UserAppRun@u8Counter:
   388                           	callstack 0
   389  00050D                     	ds	1
   390  00050E                     _G_u8UserAppFlags:
   391                           	callstack 0
   392  00050E                     	ds	1
   393                           
   394                           	psect	dataBANK6
   395  000600                     __pdataBANK6:
   396                           	callstack 0
   397  000600                     _UserApp_au8sinTable:
   398                           	callstack 0
   399  000600                     	ds	256
   400                           
   401                           	psect	cstackCOMRAM
   402  00050F                     __pcstackCOMRAM:
   403                           	callstack 0
   404  00050F                     TimeXus@u16TimeXus_:
   405                           	callstack 0
   406                           
   407                           ; 2 bytes @ 0x0
   408  00050F                     	ds	2
   409  000511                     TimeXus@u16Temp:
   410                           	callstack 0
   411                           
   412                           ; 2 bytes @ 0x2
   413  000511                     	ds	2
   414  000513                     
   415                           ; 1 bytes @ 0x4
   416 ;;
   417 ;;Main: autosize = 0, tempsize = 0, incstack = 0, save=0
   418 ;;
   419 ;; *************** function _main *****************
   420 ;; Defined at:
   421 ;;		line 35 in file "main.c"
   422 ;; Parameters:    Size  Location     Type
   423 ;;		None
   424 ;; Auto vars:     Size  Location     Type
   425 ;;		None
   426 ;; Return value:  Size  Location     Type
   427 ;;                  1    wreg      void 
   428 ;; Registers used:
   429 ;;		wreg, fsr2l, fsr2h, status,2, status,0, cstack
   430 ;; Tracked objects:
   431 ;;		On entry : 0/0
   432 ;;		On exit  : 0/0
   433 ;;		Unchanged: 0/0
   434 ;; Data sizes:     COMRAM   BANK5   BANK6   BANK7   BANK8   BANK9  BANK10  BANK11  BANK12  BANK13  BANK14  BANK15  BANK1
      +6  BANK17  BANK18  BANK19  BANK20  BANK21  BANK22  BANK23  BANK24  BANK25  BANK26  BANK27  BANK28  BANK29  BANK30  BANK3
      +1  BANK32  BANK33  BANK34  BANK35  BANK36  BANK37
   435 ;;      Params:         0       0       0       0       0       0       0       0       0       0       0       0       
      +0       0       0       0       0       0       0       0       0       0       0       0       0       0       0       
      +0       0       0       0       0       0       0
   436 ;;      Locals:         0       0       0       0       0       0       0       0       0       0       0       0       
      +0       0       0       0       0       0       0       0       0       0       0       0       0       0       0       
      +0       0       0       0       0       0       0
   437 ;;      Temps:          0       0       0       0       0       0       0       0       0       0       0       0       
      +0       0       0       0       0       0       0       0       0       0       0       0       0       0       0       
      +0       0       0       0       0       0       0
   438 ;;      Totals:         0       0       0       0       0       0       0       0       0       0       0       0       
      +0       0       0       0       0       0       0       0       0       0       0       0       0       0       0       
      +0       0       0       0       0       0       0
   439 ;;Total ram usage:        0 bytes
   440 ;; Hardware stack levels required when called:    1
   441 ;; This function calls:
   442 ;;		_ClockSetup
   443 ;;		_GpioSetup
   444 ;;		_SysTickSetup
   445 ;;		_SystemSleep
   446 ;;		_TimeXus
   447 ;;		_UserAppInitialize
   448 ;;		_UserAppRun
   449 ;; This function is called by:
   450 ;;		Startup code after reset
   451 ;; This function uses a non-reentrant model
   452 ;;
   453                           
   454                           	psect	text0
   455  01FEB8                     __ptext0:
   456                           	callstack 0
   457  01FEB8                     _main:
   458                           	callstack 127
   459  01FEB8                     
   460                           ;main.c: 37:   G_u32SystemFlags |= (u32)0x80000000;
   461  01FEB8  8E04               	bsf	(_G_u32SystemFlags+3)^(0+1280),7,c	;volatile
   462  01FEBA                     
   463                           ;main.c: 40:   ClockSetup();
   464  01FEBA  ECE3  F0FE         	call	_ClockSetup	;wreg free
   465  01FEBE                     
   466                           ;main.c: 41:   SysTickSetup();
   467  01FEBE  ECFB  F0FE         	call	_SysTickSetup	;wreg free
   468  01FEC2                     
   469                           ;main.c: 42:   GpioSetup();
   470  01FEC2  ECEE  F0FE         	call	_GpioSetup	;wreg free
   471  01FEC6                     
   472                           ;main.c: 47:   UserAppInitialize();
   473  01FEC6  ECE5  F0FE         	call	_UserAppInitialize	;wreg free
   474  01FECA                     l851:
   475                           
   476                           ;main.c: 52:   {;main.c: 56:     UserAppRun();
   477  01FECA  EC0C  F0FF         	call	_UserAppRun	;wreg free
   478  01FECE                     
   479                           ;main.c: 60:     (LATA &= 0x7F);
   480  01FECE  9EBE               	bcf	190,7,c	;volatile
   481  01FED0                     
   482                           ;main.c: 61:     SystemSleep();
   483  01FED0  ECE4  F0FE         	call	_SystemSleep	;wreg free
   484  01FED4                     
   485                           ;main.c: 62:     TimeXus(2);
   486  01FED4  0E00               	movlw	0
   487  01FED6  6E10               	movwf	(TimeXus@u16TimeXus_+1)^(0+1280),c
   488  01FED8  0E02               	movlw	2
   489  01FEDA  6E0F               	movwf	TimeXus@u16TimeXus_^(0+1280),c
   490  01FEDC  EC40  F0FF         	call	_TimeXus	;wreg free
   491                           
   492                           ;main.c: 63:     while((PIR3 & 0x80)!= 0x80)
   493  01FEE0  EF73  F0FF         	goto	l861
   494  01FEE4                     l859:
   495                           
   496                           ;main.c: 64:     (LATA |= 0x80);
   497  01FEE4  8EBE               	bsf	190,7,c	;volatile
   498  01FEE6                     l861:
   499                           
   500                           ;main.c: 63:     while((PIR3 & 0x80)!= 0x80)
   501  01FEE6  AEB1               	btfss	177,7,c	;volatile
   502  01FEE8  EF78  F0FF         	goto	u51
   503  01FEEC  EF7A  F0FF         	goto	u50
   504  01FEF0                     u51:
   505  01FEF0  EF72  F0FF         	goto	l859
   506  01FEF4                     u50:
   507  01FEF4  EF65  F0FF         	goto	l851
   508  01FEF8  EFFE  F0FF         	goto	start
   509  01FEFC                     __end_of_main:
   510                           	callstack 0
   511                           
   512 ;; *************** function _UserAppRun *****************
   513 ;; Defined at:
   514 ;;		line 158 in file "user_app.c"
   515 ;; Parameters:    Size  Location     Type
   516 ;;		None
   517 ;; Auto vars:     Size  Location     Type
   518 ;;		None
   519 ;; Return value:  Size  Location     Type
   520 ;;                  1    wreg      void 
   521 ;; Registers used:
   522 ;;		wreg, fsr2l, fsr2h, status,2, status,0
   523 ;; Tracked objects:
   524 ;;		On entry : 0/0
   525 ;;		On exit  : 0/0
   526 ;;		Unchanged: 0/0
   527 ;; Data sizes:     COMRAM   BANK5   BANK6   BANK7   BANK8   BANK9  BANK10  BANK11  BANK12  BANK13  BANK14  BANK15  BANK1
      +6  BANK17  BANK18  BANK19  BANK20  BANK21  BANK22  BANK23  BANK24  BANK25  BANK26  BANK27  BANK28  BANK29  BANK30  BANK3
      +1  BANK32  BANK33  BANK34  BANK35  BANK36  BANK37
   528 ;;      Params:         0       0       0       0       0       0       0       0       0       0       0       0       
      +0       0       0       0       0       0       0       0       0       0       0       0       0       0       0       
      +0       0       0       0       0       0       0
   529 ;;      Locals:         0       0       0       0       0       0       0       0       0       0       0       0       
      +0       0       0       0       0       0       0       0       0       0       0       0       0       0       0       
      +0       0       0       0       0       0       0
   530 ;;      Temps:          0       0       0       0       0       0       0       0       0       0       0       0       
      +0       0       0       0       0       0       0       0       0       0       0       0       0       0       0       
      +0       0       0       0       0       0       0
   531 ;;      Totals:         0       0       0       0       0       0       0       0       0       0       0       0       
      +0       0       0       0       0       0       0       0       0       0       0       0       0       0       0       
      +0       0       0       0       0       0       0
   532 ;;Total ram usage:        0 bytes
   533 ;; Hardware stack levels used:    1
   534 ;; This function calls:
   535 ;;		Nothing
   536 ;; This function is called by:
   537 ;;		_main
   538 ;; This function uses a non-reentrant model
   539 ;;
   540                           
   541                           	psect	text1
   542  01FE18                     __ptext1:
   543                           	callstack 0
   544  01FE18                     _UserAppRun:
   545                           	callstack 127
   546  01FE18                     
   547                           ;user_app.c: 160:     static u8 u8Counter = 0;;user_app.c: 161:     if(DAC1DATL < 0xFF){
   548  01FE18  0100               	movlb	0	; () banked
   549  01FE1A  297D               	incf	125,w,b	;volatile
   550  01FE1C  B4D8               	btfsc	status,2,c
   551  01FE1E  EF13  F0FF         	goto	u11
   552  01FE22  EF15  F0FF         	goto	u10
   553  01FE26                     u11:
   554  01FE26  EF22  F0FF         	goto	l783
   555  01FE2A                     u10:
   556  01FE2A                     
   557                           ; BSR set to: 0
   558                           ;user_app.c: 162:         DAC1DATL = UserApp_au8sinTable[u8Counter++];
   559  01FE2A  0E00               	movlw	low _UserApp_au8sinTable
   560  01FE2C  240D               	addwf	UserAppRun@u8Counter^(0+1280),w,c
   561  01FE2E  6ED9               	movwf	fsr2l,c
   562  01FE30  6ADA               	clrf	fsr2h,c
   563  01FE32  0E06               	movlw	high _UserApp_au8sinTable
   564  01FE34  22DA               	addwfc	fsr2h,f,c
   565  01FE36  50DF               	movf	indf2,w,c
   566  01FE38  6F7D               	movwf	125,b	;volatile
   567  01FE3A                     
   568                           ; BSR set to: 0
   569  01FE3A  2A0D               	incf	UserAppRun@u8Counter^(0+1280),f,c
   570  01FE3C                     
   571                           ; BSR set to: 0
   572                           ;user_app.c: 163:         DAC1DATL += 0x04;
   573  01FE3C  0E04               	movlw	4
   574  01FE3E  277D               	addwf	125,f,b	;volatile
   575                           
   576                           ;user_app.c: 165:     }
   577  01FE40  EF24  F0FF         	goto	l93
   578  01FE44                     l783:
   579                           
   580                           ; BSR set to: 0
   581                           ;user_app.c: 167:         DAC1DATL = 0x00;
   582  01FE44  0E00               	movlw	0
   583  01FE46  6F7D               	movwf	125,b	;volatile
   584  01FE48                     l93:
   585                           
   586                           ; BSR set to: 0
   587  01FE48  0012               	return		;funcret
   588  01FE4A                     __end_of_UserAppRun:
   589                           	callstack 0
   590                           
   591 ;; *************** function _UserAppInitialize *****************
   592 ;; Defined at:
   593 ;;		line 93 in file "user_app.c"
   594 ;; Parameters:    Size  Location     Type
   595 ;;		None
   596 ;; Auto vars:     Size  Location     Type
   597 ;;		None
   598 ;; Return value:  Size  Location     Type
   599 ;;                  1    wreg      void 
   600 ;; Registers used:
   601 ;;		wreg, status,2
   602 ;; Tracked objects:
   603 ;;		On entry : 0/0
   604 ;;		On exit  : 0/0
   605 ;;		Unchanged: 0/0
   606 ;; Data sizes:     COMRAM   BANK5   BANK6   BANK7   BANK8   BANK9  BANK10  BANK11  BANK12  BANK13  BANK14  BANK15  BANK1
      +6  BANK17  BANK18  BANK19  BANK20  BANK21  BANK22  BANK23  BANK24  BANK25  BANK26  BANK27  BANK28  BANK29  BANK30  BANK3
      +1  BANK32  BANK33  BANK34  BANK35  BANK36  BANK37
   607 ;;      Params:         0       0       0       0       0       0       0       0       0       0       0       0       
      +0       0       0       0       0       0       0       0       0       0       0       0       0       0       0       
      +0       0       0       0       0       0       0
   608 ;;      Locals:         0       0       0       0       0       0       0       0       0       0       0       0       
      +0       0       0       0       0       0       0       0       0       0       0       0       0       0       0       
      +0       0       0       0       0       0       0
   609 ;;      Temps:          0       0       0       0       0       0       0       0       0       0       0       0       
      +0       0       0       0       0       0       0       0       0       0       0       0       0       0       0       
      +0       0       0       0       0       0       0
   610 ;;      Totals:         0       0       0       0       0       0       0       0       0       0       0       0       
      +0       0       0       0       0       0       0       0       0       0       0       0       0       0       0       
      +0       0       0       0       0       0       0
   611 ;;Total ram usage:        0 bytes
   612 ;; Hardware stack levels used:    1
   613 ;; This function calls:
   614 ;;		Nothing
   615 ;; This function is called by:
   616 ;;		_main
   617 ;; This function uses a non-reentrant model
   618 ;;
   619                           
   620                           	psect	text2
   621  01FDCA                     __ptext2:
   622                           	callstack 0
   623  01FDCA                     _UserAppInitialize:
   624                           	callstack 127
   625  01FDCA                     
   626                           ;user_app.c: 96:     LATA = 0x80;
   627  01FDCA  0E80               	movlw	128
   628  01FDCC  6EBE               	movwf	190,c	;volatile
   629                           
   630                           ;user_app.c: 100:     T0CON1 = 0x54;
   631  01FDCE  0E54               	movlw	84
   632  01FDD0  0103               	movlb	3	; () banked
   633  01FDD2  6F1B               	movwf	27,b	;volatile
   634                           
   635                           ;user_app.c: 101:     DAC1DATL = 0;
   636  01FDD4  0E00               	movlw	0
   637  01FDD6  0100               	movlb	0	; () banked
   638  01FDD8  6F7D               	movwf	125,b	;volatile
   639  01FDDA                     
   640                           ; BSR set to: 0
   641  01FDDA  0012               	return		;funcret
   642  01FDDC                     __end_of_UserAppInitialize:
   643                           	callstack 0
   644                           
   645 ;; *************** function _TimeXus *****************
   646 ;; Defined at:
   647 ;;		line 122 in file "user_app.c"
   648 ;; Parameters:    Size  Location     Type
   649 ;;  u16TimeXus_     2    0[COMRAM] unsigned short 
   650 ;; Auto vars:     Size  Location     Type
   651 ;;  u16Temp         2    2[COMRAM] unsigned short 
   652 ;; Return value:  Size  Location     Type
   653 ;;                  1    wreg      void 
   654 ;; Registers used:
   655 ;;		wreg, status,2, status,0
   656 ;; Tracked objects:
   657 ;;		On entry : 0/0
   658 ;;		On exit  : 0/0
   659 ;;		Unchanged: 0/0
   660 ;; Data sizes:     COMRAM   BANK5   BANK6   BANK7   BANK8   BANK9  BANK10  BANK11  BANK12  BANK13  BANK14  BANK15  BANK1
      +6  BANK17  BANK18  BANK19  BANK20  BANK21  BANK22  BANK23  BANK24  BANK25  BANK26  BANK27  BANK28  BANK29  BANK30  BANK3
      +1  BANK32  BANK33  BANK34  BANK35  BANK36  BANK37
   661 ;;      Params:         2       0       0       0       0       0       0       0       0       0       0       0       
      +0       0       0       0       0       0       0       0       0       0       0       0       0       0       0       
      +0       0       0       0       0       0       0
   662 ;;      Locals:         2       0       0       0       0       0       0       0       0       0       0       0       
      +0       0       0       0       0       0       0       0       0       0       0       0       0       0       0       
      +0       0       0       0       0       0       0
   663 ;;      Temps:          0       0       0       0       0       0       0       0       0       0       0       0       
      +0       0       0       0       0       0       0       0       0       0       0       0       0       0       0       
      +0       0       0       0       0       0       0
   664 ;;      Totals:         4       0       0       0       0       0       0       0       0       0       0       0       
      +0       0       0       0       0       0       0       0       0       0       0       0       0       0       0       
      +0       0       0       0       0       0       0
   665 ;;Total ram usage:        4 bytes
   666 ;; Hardware stack levels used:    1
   667 ;; This function calls:
   668 ;;		Nothing
   669 ;; This function is called by:
   670 ;;		_main
   671 ;; This function uses a non-reentrant model
   672 ;;
   673                           
   674                           	psect	text3
   675  01FE80                     __ptext3:
   676                           	callstack 0
   677  01FE80                     _TimeXus:
   678                           	callstack 127
   679  01FE80                     
   680                           ;user_app.c: 122: void TimeXus(u16 u16TimeXus_);user_app.c: 123: {;user_app.c: 124:     
      +                          u16 u16Temp = 65535;
   681  01FE80  6811               	setf	TimeXus@u16Temp^(0+1280),c
   682  01FE82  6812               	setf	(TimeXus@u16Temp+1)^(0+1280),c
   683  01FE84                     
   684                           ;user_app.c: 127:   if(u16TimeXus_ == 0)
   685  01FE84  500F               	movf	TimeXus@u16TimeXus_^(0+1280),w,c
   686  01FE86  1010               	iorwf	(TimeXus@u16TimeXus_+1)^(0+1280),w,c
   687  01FE88  A4D8               	btfss	status,2,c
   688  01FE8A  EF49  F0FF         	goto	u41
   689  01FE8E  EF4B  F0FF         	goto	u40
   690  01FE92                     u41:
   691  01FE92  EF4E  F0FF         	goto	l85
   692  01FE96                     u40:
   693  01FE96                     
   694                           ;user_app.c: 128:   {;user_app.c: 129:       PIR3bits.TMR0IF = 1;
   695  01FE96  8EB1               	bsf	177,7,c	;volatile
   696                           
   697                           ;user_app.c: 130:       return;
   698  01FE98  EF5B  F0FF         	goto	l86
   699  01FE9C                     l85:
   700                           
   701                           ;user_app.c: 134:   T0CON0bits.EN = 0;
   702  01FE9C  0103               	movlb	3	; () banked
   703  01FE9E  9F1A               	bcf	26,7,b	;volatile
   704  01FEA0                     
   705                           ; BSR set to: 3
   706                           ;user_app.c: 137:   u16Temp -= u16TimeXus_;
   707  01FEA0  500F               	movf	TimeXus@u16TimeXus_^(0+1280),w,c
   708  01FEA2  5E11               	subwf	TimeXus@u16Temp^(0+1280),f,c
   709  01FEA4  5010               	movf	(TimeXus@u16TimeXus_+1)^(0+1280),w,c
   710  01FEA6  5A12               	subwfb	(TimeXus@u16Temp+1)^(0+1280),f,c
   711  01FEA8                     
   712                           ; BSR set to: 3
   713                           ;user_app.c: 138:   TMR0H = (u8)( (u16Temp >> 8) & 0x00FF);
   714  01FEA8  5012               	movf	(TimeXus@u16Temp+1)^(0+1280),w,c
   715  01FEAA  6F19               	movwf	25,b	;volatile
   716  01FEAC                     
   717                           ; BSR set to: 3
   718                           ;user_app.c: 139:   TMR0L = (u8)( u16Temp & 0x00FF);
   719  01FEAC  0061  F444  F318   	movff	TimeXus@u16Temp,792	;volatile
   720  01FEB2                     
   721                           ; BSR set to: 3
   722                           ;user_app.c: 142:   PIR3bits.TMR0IF = 0;
   723  01FEB2  9EB1               	bcf	177,7,c	;volatile
   724  01FEB4                     
   725                           ; BSR set to: 3
   726                           ;user_app.c: 143:   T0CON0bits.EN = 1;
   727  01FEB4  8F1A               	bsf	26,7,b	;volatile
   728  01FEB6                     l86:
   729  01FEB6  0012               	return		;funcret
   730  01FEB8                     __end_of_TimeXus:
   731                           	callstack 0
   732                           
   733 ;; *************** function _SystemSleep *****************
   734 ;; Defined at:
   735 ;;		line 135 in file "encm369_pic18.c"
   736 ;; Parameters:    Size  Location     Type
   737 ;;		None
   738 ;; Auto vars:     Size  Location     Type
   739 ;;		None
   740 ;; Return value:  Size  Location     Type
   741 ;;                  1    wreg      void 
   742 ;; Registers used:
   743 ;;		None
   744 ;; Tracked objects:
   745 ;;		On entry : 0/0
   746 ;;		On exit  : 0/0
   747 ;;		Unchanged: 0/0
   748 ;; Data sizes:     COMRAM   BANK5   BANK6   BANK7   BANK8   BANK9  BANK10  BANK11  BANK12  BANK13  BANK14  BANK15  BANK1
      +6  BANK17  BANK18  BANK19  BANK20  BANK21  BANK22  BANK23  BANK24  BANK25  BANK26  BANK27  BANK28  BANK29  BANK30  BANK3
      +1  BANK32  BANK33  BANK34  BANK35  BANK36  BANK37
   749 ;;      Params:         0       0       0       0       0       0       0       0       0       0       0       0       
      +0       0       0       0       0       0       0       0       0       0       0       0       0       0       0       
      +0       0       0       0       0       0       0
   750 ;;      Locals:         0       0       0       0       0       0       0       0       0       0       0       0       
      +0       0       0       0       0       0       0       0       0       0       0       0       0       0       0       
      +0       0       0       0       0       0       0
   751 ;;      Temps:          0       0       0       0       0       0       0       0       0       0       0       0       
      +0       0       0       0       0       0       0       0       0       0       0       0       0       0       0       
      +0       0       0       0       0       0       0
   752 ;;      Totals:         0       0       0       0       0       0       0       0       0       0       0       0       
      +0       0       0       0       0       0       0       0       0       0       0       0       0       0       0       
      +0       0       0       0       0       0       0
   753 ;;Total ram usage:        0 bytes
   754 ;; Hardware stack levels used:    1
   755 ;; This function calls:
   756 ;;		Nothing
   757 ;; This function is called by:
   758 ;;		_main
   759 ;; This function uses a non-reentrant model
   760 ;;
   761                           
   762                           	psect	text4
   763  01FDC8                     __ptext4:
   764                           	callstack 0
   765  01FDC8                     _SystemSleep:
   766                           	callstack 127
   767  01FDC8  0012               	return		;funcret
   768  01FDCA                     __end_of_SystemSleep:
   769                           	callstack 0
   770                           
   771 ;; *************** function _SysTickSetup *****************
   772 ;; Defined at:
   773 ;;		line 113 in file "encm369_pic18.c"
   774 ;; Parameters:    Size  Location     Type
   775 ;;		None
   776 ;; Auto vars:     Size  Location     Type
   777 ;;		None
   778 ;; Return value:  Size  Location     Type
   779 ;;                  1    wreg      void 
   780 ;; Registers used:
   781 ;;		wreg, status,2
   782 ;; Tracked objects:
   783 ;;		On entry : 0/0
   784 ;;		On exit  : 0/0
   785 ;;		Unchanged: 0/0
   786 ;; Data sizes:     COMRAM   BANK5   BANK6   BANK7   BANK8   BANK9  BANK10  BANK11  BANK12  BANK13  BANK14  BANK15  BANK1
      +6  BANK17  BANK18  BANK19  BANK20  BANK21  BANK22  BANK23  BANK24  BANK25  BANK26  BANK27  BANK28  BANK29  BANK30  BANK3
      +1  BANK32  BANK33  BANK34  BANK35  BANK36  BANK37
   787 ;;      Params:         0       0       0       0       0       0       0       0       0       0       0       0       
      +0       0       0       0       0       0       0       0       0       0       0       0       0       0       0       
      +0       0       0       0       0       0       0
   788 ;;      Locals:         0       0       0       0       0       0       0       0       0       0       0       0       
      +0       0       0       0       0       0       0       0       0       0       0       0       0       0       0       
      +0       0       0       0       0       0       0
   789 ;;      Temps:          0       0       0       0       0       0       0       0       0       0       0       0       
      +0       0       0       0       0       0       0       0       0       0       0       0       0       0       0       
      +0       0       0       0       0       0       0
   790 ;;      Totals:         0       0       0       0       0       0       0       0       0       0       0       0       
      +0       0       0       0       0       0       0       0       0       0       0       0       0       0       0       
      +0       0       0       0       0       0       0
   791 ;;Total ram usage:        0 bytes
   792 ;; Hardware stack levels used:    1
   793 ;; This function calls:
   794 ;;		Nothing
   795 ;; This function is called by:
   796 ;;		_main
   797 ;; This function uses a non-reentrant model
   798 ;;
   799                           
   800                           	psect	text5
   801  01FDF6                     __ptext5:
   802                           	callstack 0
   803  01FDF6                     _SysTickSetup:
   804                           	callstack 127
   805  01FDF6                     
   806                           ;encm369_pic18.c: 115:   G_u32SystemTime1ms = 0;
   807  01FDF6  0E00               	movlw	0
   808  01FDF8  6E09               	movwf	_G_u32SystemTime1ms^(0+1280),c	;volatile
   809  01FDFA  0E00               	movlw	0
   810  01FDFC  6E0A               	movwf	(_G_u32SystemTime1ms+1)^(0+1280),c	;volatile
   811  01FDFE  0E00               	movlw	0
   812  01FE00  6E0B               	movwf	(_G_u32SystemTime1ms+2)^(0+1280),c	;volatile
   813  01FE02  0E00               	movlw	0
   814  01FE04  6E0C               	movwf	(_G_u32SystemTime1ms+3)^(0+1280),c	;volatile
   815                           
   816                           ;encm369_pic18.c: 116:   G_u32SystemTime1s = 0;
   817  01FE06  0E00               	movlw	0
   818  01FE08  6E05               	movwf	_G_u32SystemTime1s^(0+1280),c	;volatile
   819  01FE0A  0E00               	movlw	0
   820  01FE0C  6E06               	movwf	(_G_u32SystemTime1s+1)^(0+1280),c	;volatile
   821  01FE0E  0E00               	movlw	0
   822  01FE10  6E07               	movwf	(_G_u32SystemTime1s+2)^(0+1280),c	;volatile
   823  01FE12  0E00               	movlw	0
   824  01FE14  6E08               	movwf	(_G_u32SystemTime1s+3)^(0+1280),c	;volatile
   825  01FE16  0012               	return		;funcret
   826  01FE18                     __end_of_SysTickSetup:
   827                           	callstack 0
   828                           
   829 ;; *************** function _GpioSetup *****************
   830 ;; Defined at:
   831 ;;		line 89 in file "encm369_pic18.c"
   832 ;; Parameters:    Size  Location     Type
   833 ;;		None
   834 ;; Auto vars:     Size  Location     Type
   835 ;;		None
   836 ;; Return value:  Size  Location     Type
   837 ;;                  1    wreg      void 
   838 ;; Registers used:
   839 ;;		wreg, status,2
   840 ;; Tracked objects:
   841 ;;		On entry : 0/0
   842 ;;		On exit  : 0/0
   843 ;;		Unchanged: 0/0
   844 ;; Data sizes:     COMRAM   BANK5   BANK6   BANK7   BANK8   BANK9  BANK10  BANK11  BANK12  BANK13  BANK14  BANK15  BANK1
      +6  BANK17  BANK18  BANK19  BANK20  BANK21  BANK22  BANK23  BANK24  BANK25  BANK26  BANK27  BANK28  BANK29  BANK30  BANK3
      +1  BANK32  BANK33  BANK34  BANK35  BANK36  BANK37
   845 ;;      Params:         0       0       0       0       0       0       0       0       0       0       0       0       
      +0       0       0       0       0       0       0       0       0       0       0       0       0       0       0       
      +0       0       0       0       0       0       0
   846 ;;      Locals:         0       0       0       0       0       0       0       0       0       0       0       0       
      +0       0       0       0       0       0       0       0       0       0       0       0       0       0       0       
      +0       0       0       0       0       0       0
   847 ;;      Temps:          0       0       0       0       0       0       0       0       0       0       0       0       
      +0       0       0       0       0       0       0       0       0       0       0       0       0       0       0       
      +0       0       0       0       0       0       0
   848 ;;      Totals:         0       0       0       0       0       0       0       0       0       0       0       0       
      +0       0       0       0       0       0       0       0       0       0       0       0       0       0       0       
      +0       0       0       0       0       0       0
   849 ;;Total ram usage:        0 bytes
   850 ;; Hardware stack levels used:    1
   851 ;; This function calls:
   852 ;;		Nothing
   853 ;; This function is called by:
   854 ;;		_main
   855 ;; This function uses a non-reentrant model
   856 ;;
   857                           
   858                           	psect	text6
   859  01FDDC                     __ptext6:
   860                           	callstack 0
   861  01FDDC                     _GpioSetup:
   862                           	callstack 127
   863  01FDDC                     
   864                           ;encm369_pic18.c: 91:     LATA = 0x00;
   865  01FDDC  0E00               	movlw	0
   866  01FDDE  6EBE               	movwf	190,c	;volatile
   867                           
   868                           ;encm369_pic18.c: 92:     TRISA = 0x00;
   869  01FDE0  0E00               	movlw	0
   870  01FDE2  6EC6               	movwf	198,c	;volatile
   871                           
   872                           ;encm369_pic18.c: 93:     ANSELA = 0x00;
   873  01FDE4  0E00               	movlw	0
   874  01FDE6  0104               	movlb	4	; () banked
   875  01FDE8  6F00               	movwf	0,b	;volatile
   876                           
   877                           ;encm369_pic18.c: 96:     DAC1CON=0xA0;
   878  01FDEA  0EA0               	movlw	160
   879  01FDEC  0100               	movlb	0	; () banked
   880  01FDEE  6F7F               	movwf	127,b	;volatile
   881                           
   882                           ;encm369_pic18.c: 97:     DAC1DATL=0;
   883  01FDF0  0E00               	movlw	0
   884  01FDF2  6F7D               	movwf	125,b	;volatile
   885  01FDF4                     
   886                           ; BSR set to: 0
   887  01FDF4  0012               	return		;funcret
   888  01FDF6                     __end_of_GpioSetup:
   889                           	callstack 0
   890                           
   891 ;; *************** function _ClockSetup *****************
   892 ;; Defined at:
   893 ;;		line 70 in file "encm369_pic18.c"
   894 ;; Parameters:    Size  Location     Type
   895 ;;		None
   896 ;; Auto vars:     Size  Location     Type
   897 ;;		None
   898 ;; Return value:  Size  Location     Type
   899 ;;                  1    wreg      void 
   900 ;; Registers used:
   901 ;;		None
   902 ;; Tracked objects:
   903 ;;		On entry : 0/0
   904 ;;		On exit  : 0/0
   905 ;;		Unchanged: 0/0
   906 ;; Data sizes:     COMRAM   BANK5   BANK6   BANK7   BANK8   BANK9  BANK10  BANK11  BANK12  BANK13  BANK14  BANK15  BANK1
      +6  BANK17  BANK18  BANK19  BANK20  BANK21  BANK22  BANK23  BANK24  BANK25  BANK26  BANK27  BANK28  BANK29  BANK30  BANK3
      +1  BANK32  BANK33  BANK34  BANK35  BANK36  BANK37
   907 ;;      Params:         0       0       0       0       0       0       0       0       0       0       0       0       
      +0       0       0       0       0       0       0       0       0       0       0       0       0       0       0       
      +0       0       0       0       0       0       0
   908 ;;      Locals:         0       0       0       0       0       0       0       0       0       0       0       0       
      +0       0       0       0       0       0       0       0       0       0       0       0       0       0       0       
      +0       0       0       0       0       0       0
   909 ;;      Temps:          0       0       0       0       0       0       0       0       0       0       0       0       
      +0       0       0       0       0       0       0       0       0       0       0       0       0       0       0       
      +0       0       0       0       0       0       0
   910 ;;      Totals:         0       0       0       0       0       0       0       0       0       0       0       0       
      +0       0       0       0       0       0       0       0       0       0       0       0       0       0       0       
      +0       0       0       0       0       0       0
   911 ;;Total ram usage:        0 bytes
   912 ;; Hardware stack levels used:    1
   913 ;; This function calls:
   914 ;;		Nothing
   915 ;; This function is called by:
   916 ;;		_main
   917 ;; This function uses a non-reentrant model
   918 ;;
   919                           
   920                           	psect	text7
   921  01FDC6                     __ptext7:
   922                           	callstack 0
   923  01FDC6                     _ClockSetup:
   924                           	callstack 127
   925  01FDC6  0012               	return		;funcret
   926  01FDC8                     __end_of_ClockSetup:
   927                           	callstack 0
   928  0000                     
   929                           	psect	rparam
   930  0000                     
   931                           	psect	idloc
   932                           
   933                           ;Config register IDLOC0 @ 0x200000
   934                           ;	unspecified, using default values
   935  200000                     	org	2097152
   936  200000  0FFF               	dw	4095
   937                           
   938                           ;Config register IDLOC1 @ 0x200002
   939                           ;	unspecified, using default values
   940  200002                     	org	2097154
   941  200002  0FFF               	dw	4095
   942                           
   943                           ;Config register IDLOC2 @ 0x200004
   944                           ;	unspecified, using default values
   945  200004                     	org	2097156
   946  200004  0FFF               	dw	4095
   947                           
   948                           ;Config register IDLOC3 @ 0x200006
   949                           ;	unspecified, using default values
   950  200006                     	org	2097158
   951  200006  0FFF               	dw	4095
   952                           
   953                           ;Config register IDLOC4 @ 0x200008
   954                           ;	unspecified, using default values
   955  200008                     	org	2097160
   956  200008  0FFF               	dw	4095
   957                           
   958                           ;Config register IDLOC5 @ 0x20000A
   959                           ;	unspecified, using default values
   960  20000A                     	org	2097162
   961  20000A  0FFF               	dw	4095
   962                           
   963                           ;Config register IDLOC6 @ 0x20000C
   964                           ;	unspecified, using default values
   965  20000C                     	org	2097164
   966  20000C  0FFF               	dw	4095
   967                           
   968                           ;Config register IDLOC7 @ 0x20000E
   969                           ;	unspecified, using default values
   970  20000E                     	org	2097166
   971  20000E  0FFF               	dw	4095
   972                           
   973                           ;Config register IDLOC8 @ 0x200010
   974                           ;	unspecified, using default values
   975  200010                     	org	2097168
   976  200010  0FFF               	dw	4095
   977                           
   978                           ;Config register IDLOC9 @ 0x200012
   979                           ;	unspecified, using default values
   980  200012                     	org	2097170
   981  200012  0FFF               	dw	4095
   982                           
   983                           ;Config register IDLOC10 @ 0x200014
   984                           ;	unspecified, using default values
   985  200014                     	org	2097172
   986  200014  0FFF               	dw	4095
   987                           
   988                           ;Config register IDLOC11 @ 0x200016
   989                           ;	unspecified, using default values
   990  200016                     	org	2097174
   991  200016  0FFF               	dw	4095
   992                           
   993                           ;Config register IDLOC12 @ 0x200018
   994                           ;	unspecified, using default values
   995  200018                     	org	2097176
   996  200018  0FFF               	dw	4095
   997                           
   998                           ;Config register IDLOC13 @ 0x20001A
   999                           ;	unspecified, using default values
  1000  20001A                     	org	2097178
  1001  20001A  0FFF               	dw	4095
  1002                           
  1003                           ;Config register IDLOC14 @ 0x20001C
  1004                           ;	unspecified, using default values
  1005  20001C                     	org	2097180
  1006  20001C  0FFF               	dw	4095
  1007                           
  1008                           ;Config register IDLOC15 @ 0x20001E
  1009                           ;	unspecified, using default values
  1010  20001E                     	org	2097182
  1011  20001E  0FFF               	dw	4095
  1012                           
  1013                           	psect	config
  1014                           
  1015                           ;Config register CONFIG1 @ 0x300000
  1016                           ;	External Oscillator Selection
  1017                           ;	FEXTOSC = OFF, Oscillator not enabled
  1018                           ;	Reset Oscillator Selection
  1019                           ;	RSTOSC = HFINTOSC_64MHZ, HFINTOSC with HFFRQ = 64 MHz and CDIV = 1:1
  1020  300000                     	org	3145728
  1021  300000  8C                 	db	140
  1022                           
  1023                           ;Config register CONFIG2 @ 0x300001
  1024                           ;	Clock out Enable bit
  1025                           ;	CLKOUTEN = ON, CLKOUT function is enabled
  1026                           ;	PRLOCKED One-Way Set Enable bit
  1027                           ;	PR1WAY = ON, PRLOCKED bit can be cleared and set only once
  1028                           ;	Clock Switch Enable bit
  1029                           ;	CSWEN = ON, Writing to NOSC and NDIV is allowed
  1030                           ;	Fail-Safe Clock Monitor Enable bit
  1031                           ;	FCMEN = ON, Fail-Safe Clock Monitor enabled
  1032  300001                     	org	3145729
  1033  300001  FE                 	db	254
  1034                           
  1035                           ;Config register CONFIG3 @ 0x300002
  1036                           ;	MCLR Enable bit
  1037                           ;	MCLRE = EXTMCLR, If LVP = 0, MCLR pin is MCLR; If LVP = 1, RE3 pin function is MCLR
  1038                           ;	Power-up timer selection bits
  1039                           ;	PWRTS = PWRT_OFF, PWRT is disabled
  1040                           ;	Multi-vector enable bit
  1041                           ;	MVECEN = ON, Multi-vector enabled, Vector table used for interrupts
  1042                           ;	IVTLOCK bit One-way set enable bit
  1043                           ;	IVT1WAY = ON, IVTLOCKED bit can be cleared and set only once
  1044                           ;	Low Power BOR Enable bit
  1045                           ;	LPBOREN = OFF, Low-Power BOR disabled
  1046                           ;	Brown-out Reset Enable bits
  1047                           ;	BOREN = SBORDIS, Brown-out Reset enabled , SBOREN bit is ignored
  1048  300002                     	org	3145730
  1049  300002  FF                 	db	255
  1050                           
  1051                           ;Config register CONFIG4 @ 0x300003
  1052                           ;	Brown-out Reset Voltage Selection bits
  1053                           ;	BORV = VBOR_2P85, Brown-out Reset Voltage (VBOR) set to 2.8V
  1054                           ;	ZCD Disable bit
  1055                           ;	ZCD = OFF, ZCD module is disabled. ZCD can be enabled by setting the ZCDSEN bit of ZCD
      +                          CON
  1056                           ;	PPSLOCK bit One-Way Set Enable bit
  1057                           ;	PPS1WAY = ON, PPSLOCKED bit can be cleared and set only once; PPS registers remain loc
      +                          ked after one clear/set cycle
  1058                           ;	Stack Full/Underflow Reset Enable bit
  1059                           ;	STVREN = ON, Stack full/underflow will cause Reset
  1060                           ;	Low Voltage Programming Enable bit
  1061                           ;	LVP = ON, Low voltage programming enabled. MCLR/VPP pin function is MCLR. MCLRE config
      +                          uration bit is ignored
  1062                           ;	Extended Instruction Set Enable bit
  1063                           ;	XINST = OFF, Extended Instruction Set and Indexed Addressing Mode disabled
  1064  300003                     	org	3145731
  1065  300003  FC                 	db	252
  1066                           
  1067                           ;Config register CONFIG5 @ 0x300004
  1068                           ;	WDT Period selection bits
  1069                           ;	WDTCPS = WDTCPS_31, Divider ratio 1:65536; software control of WDTPS
  1070                           ;	WDT operating mode
  1071                           ;	WDTE = OFF, WDT Disabled; SWDTEN is ignored
  1072  300004                     	org	3145732
  1073  300004  9F                 	db	159
  1074                           
  1075                           ;Config register CONFIG6 @ 0x300005
  1076                           ;	WDT Window Select bits
  1077                           ;	WDTCWS = WDTCWS_7, window always open (100%); software control; keyed access not requi
      +                          red
  1078                           ;	WDT input clock selector
  1079                           ;	WDTCCS = SC, Software Control
  1080  300005                     	org	3145733
  1081  300005  FF                 	db	255
  1082                           
  1083                           ;Config register CONFIG7 @ 0x300006
  1084                           ;	Boot Block Size selection bits
  1085                           ;	BBSIZE = BBSIZE_512, Boot Block size is 512 words
  1086                           ;	Boot Block enable bit
  1087                           ;	BBEN = OFF, Boot block disabled
  1088                           ;	Storage Area Flash enable bit
  1089                           ;	SAFEN = OFF, SAF disabled
  1090                           ;	Background Debugger
  1091                           ;	DEBUG = OFF, Background Debugger disabled
  1092  300006                     	org	3145734
  1093  300006  FF                 	db	255
  1094                           
  1095                           ;Config register CONFIG8 @ 0x300007
  1096                           ;	Boot Block Write Protection bit
  1097                           ;	WRTB = OFF, Boot Block not Write protected
  1098                           ;	Configuration Register Write Protection bit
  1099                           ;	WRTC = OFF, Configuration registers not Write protected
  1100                           ;	Data EEPROM Write Protection bit
  1101                           ;	WRTD = OFF, Data EEPROM not Write protected
  1102                           ;	SAF Write protection bit
  1103                           ;	WRTSAF = OFF, SAF not Write Protected
  1104                           ;	Application Block write protection bit
  1105                           ;	WRTAPP = OFF, Application Block not write protected
  1106  300007                     	org	3145735
  1107  300007  FF                 	db	255
  1108                           
  1109                           ; Padding undefined space
  1110  300008                     	org	3145736
  1111  300008  FF                 	db	255
  1112                           
  1113                           ;Config register CONFIG10 @ 0x300009
  1114                           ;	PFM and Data EEPROM Code Protection bit
  1115                           ;	CP = OFF, PFM and Data EEPROM code protection disabled
  1116  300009                     	org	3145737
  1117  300009  FF                 	db	255
  1118                           tosu	equ	0x4FF
  1119                           tosh	equ	0x4FE
  1120                           tosl	equ	0x4FD
  1121                           stkptr	equ	0x4FC
  1122                           pclatu	equ	0x4FB
  1123                           pclath	equ	0x4FA
  1124                           pcl	equ	0x4F9
  1125                           tblptru	equ	0x4F8
  1126                           tblptrh	equ	0x4F7
  1127                           tblptrl	equ	0x4F6
  1128                           tablat	equ	0x4F5
  1129                           prodh	equ	0x4F4
  1130                           prodl	equ	0x4F3
  1131                           indf0	equ	0x4EF
  1132                           postinc0	equ	0x4EE
  1133                           postdec0	equ	0x4ED
  1134                           preinc0	equ	0x4EC
  1135                           plusw0	equ	0x4EB
  1136                           fsr0h	equ	0x4EA
  1137                           fsr0l	equ	0x4E9
  1138                           wreg	equ	0x4E8
  1139                           indf1	equ	0x4E7
  1140                           postinc1	equ	0x4E6
  1141                           postdec1	equ	0x4E5
  1142                           preinc1	equ	0x4E4
  1143                           plusw1	equ	0x4E3
  1144                           fsr1h	equ	0x4E2
  1145                           fsr1l	equ	0x4E1
  1146                           bsr	equ	0x4E0
  1147                           indf2	equ	0x4DF
  1148                           postinc2	equ	0x4DE
  1149                           postdec2	equ	0x4DD
  1150                           preinc2	equ	0x4DC
  1151                           plusw2	equ	0x4DB
  1152                           fsr2h	equ	0x4DA
  1153                           fsr2l	equ	0x4D9
  1154                           status	equ	0x4D8

Data Sizes:
    Strings     0
    Constant    0
    Data        256
    BSS         14
    Persistent  0
    Stack       0

Auto Spaces:
    Space          Size  Autos    Used
    COMRAM           95      4      18
    BANK5           160      0       0
    BANK6           256      0     256
    BANK7           256      0       0
    BANK8           256      0       0
    BANK9           256      0       0
    BANK10          256      0       0
    BANK11          256      0       0
    BANK12          256      0       0
    BANK13          256      0       0
    BANK14          256      0       0
    BANK15          256      0       0
    BANK16          256      0       0
    BANK17          256      0       0
    BANK18          256      0       0
    BANK19          256      0       0
    BANK20          256      0       0
    BANK21          256      0       0
    BANK22          256      0       0
    BANK23          256      0       0
    BANK24          256      0       0
    BANK25          256      0       0
    BANK26          256      0       0
    BANK27          256      0       0
    BANK28          256      0       0
    BANK29          256      0       0
    BANK30          256      0       0
    BANK31          256      0       0
    BANK32          256      0       0
    BANK33          256      0       0
    BANK34          256      0       0
    BANK35          256      0       0
    BANK36          256      0       0
    BANK37          256      0       0

Pointer List with Targets:

    None.

Critical Paths under _main in COMRAM

    _main->_TimeXus

Critical Paths under _main in BANK5

    None.

Critical Paths under _main in BANK6

    None.

Critical Paths under _main in BANK7

    None.

Critical Paths under _main in BANK8

    None.

Critical Paths under _main in BANK9

    None.

Critical Paths under _main in BANK10

    None.

Critical Paths under _main in BANK11

    None.

Critical Paths under _main in BANK12

    None.

Critical Paths under _main in BANK13

    None.

Critical Paths under _main in BANK14

    None.

Critical Paths under _main in BANK15

    None.

Critical Paths under _main in BANK16

    None.

Critical Paths under _main in BANK17

    None.

Critical Paths under _main in BANK18

    None.

Critical Paths under _main in BANK19

    None.

Critical Paths under _main in BANK20

    None.

Critical Paths under _main in BANK21

    None.

Critical Paths under _main in BANK22

    None.

Critical Paths under _main in BANK23

    None.

Critical Paths under _main in BANK24

    None.

Critical Paths under _main in BANK25

    None.

Critical Paths under _main in BANK26

    None.

Critical Paths under _main in BANK27

    None.

Critical Paths under _main in BANK28

    None.

Critical Paths under _main in BANK29

    None.

Critical Paths under _main in BANK30

    None.

Critical Paths under _main in BANK31

    None.

Critical Paths under _main in BANK32

    None.

Critical Paths under _main in BANK33

    None.

Critical Paths under _main in BANK34

    None.

Critical Paths under _main in BANK35

    None.

Critical Paths under _main in BANK36

    None.

Critical Paths under _main in BANK37

    None.

Call Graph Tables:

 ---------------------------------------------------------------------------------
 (Depth) Function   	        Calls       Base Space   Used Autos Params    Refs
 ---------------------------------------------------------------------------------
 (0) _main                                                 0     0      0     166
                         _ClockSetup
                          _GpioSetup
                       _SysTickSetup
                        _SystemSleep
                            _TimeXus
                  _UserAppInitialize
                         _UserAppRun
 ---------------------------------------------------------------------------------
 (1) _UserAppRun                                           0     0      0       0
 ---------------------------------------------------------------------------------
 (1) _UserAppInitialize                                    0     0      0       0
 ---------------------------------------------------------------------------------
 (1) _TimeXus                                              4     2      2     166
                                              0 COMRAM     4     2      2
 ---------------------------------------------------------------------------------
 (1) _SystemSleep                                          0     0      0       0
 ---------------------------------------------------------------------------------
 (1) _SysTickSetup                                         0     0      0       0
 ---------------------------------------------------------------------------------
 (1) _GpioSetup                                            0     0      0       0
 ---------------------------------------------------------------------------------
 (1) _ClockSetup                                           0     0      0       0
 ---------------------------------------------------------------------------------
 Estimated maximum stack depth 1
 ---------------------------------------------------------------------------------

 Call Graph Graphs:

 _main (ROOT)
   _ClockSetup
   _GpioSetup
   _SysTickSetup
   _SystemSleep
   _TimeXus
   _UserAppInitialize
   _UserAppRun

 Address spaces:
Name               Size   Autos  Total    Cost      Usage
BIGRAM            20FF      0       0      71        0.0%
EEDATA             400      0       0       0        0.0%
BITBANK37          100      0       0      70        0.0%
BANK37             100      0       0      68        0.0%
BITBANK36          100      0       0      66        0.0%
BANK36             100      0       0      67        0.0%
BITBANK35          100      0       0      64        0.0%
BANK35             100      0       0      65        0.0%
BITBANK34          100      0       0      62        0.0%
BANK34             100      0       0      63        0.0%
BITBANK33          100      0       0      60        0.0%
BANK33             100      0       0      61        0.0%
BITBANK32          100      0       0      58        0.0%
BANK32             100      0       0      59        0.0%
BITBANK31          100      0       0      56        0.0%
BANK31             100      0       0      57        0.0%
BITBANK30          100      0       0      54        0.0%
BANK30             100      0       0      55        0.0%
BITBANK29          100      0       0      52        0.0%
BANK29             100      0       0      53        0.0%
BITBANK28          100      0       0      50        0.0%
BANK28             100      0       0      51        0.0%
BITBANK27          100      0       0      48        0.0%
BANK27             100      0       0      49        0.0%
BITBANK26          100      0       0      46        0.0%
BANK26             100      0       0      47        0.0%
BITBANK25          100      0       0      44        0.0%
BANK25             100      0       0      45        0.0%
BITBANK24          100      0       0      42        0.0%
BANK24             100      0       0      43        0.0%
BITBANK23          100      0       0      40        0.0%
BANK23             100      0       0      41        0.0%
BITBANK22          100      0       0      38        0.0%
BANK22             100      0       0      39        0.0%
BITBANK21          100      0       0      36        0.0%
BANK21             100      0       0      37        0.0%
BITBANK20          100      0       0      34        0.0%
BANK20             100      0       0      35        0.0%
BITBANK19          100      0       0      32        0.0%
BANK19             100      0       0      33        0.0%
BITBANK18          100      0       0      30        0.0%
BANK18             100      0       0      31        0.0%
BITBANK17          100      0       0      28        0.0%
BANK17             100      0       0      29        0.0%
BITBANK16          100      0       0      26        0.0%
BANK16             100      0       0      27        0.0%
BITBANK15          100      0       0      24        0.0%
BANK15             100      0       0      25        0.0%
BITBANK14          100      0       0      22        0.0%
BANK14             100      0       0      23        0.0%
BITBANK13          100      0       0      20        0.0%
BANK13             100      0       0      21        0.0%
BITBANK12          100      0       0      18        0.0%
BANK12             100      0       0      19        0.0%
BITBANK11          100      0       0      16        0.0%
BANK11             100      0       0      17        0.0%
BITBANK10          100      0       0      14        0.0%
BANK10             100      0       0      15        0.0%
BITBANK9           100      0       0      12        0.0%
BANK9              100      0       0      13        0.0%
BITBANK8           100      0       0      10        0.0%
BANK8              100      0       0      11        0.0%
BITBANK7           100      0       0       8        0.0%
BANK7              100      0       0       9        0.0%
BITBANK6           100      0       0       6        0.0%
BANK6              100      0     100       7      100.0%
BITBANK5            A0      0       0       4        0.0%
BANK5               A0      0       0       5        0.0%
BITCOMRAM           5F      0       0       0        0.0%
COMRAM              5F      4      12       1       18.9%
BITSFR_5             0      0       0     200        0.0%
SFR_5                0      0       0     200        0.0%
BITSFR_4             0      0       0     200        0.0%
SFR_4                0      0       0     200        0.0%
BITSFR_3             0      0       0     200        0.0%
SFR_3                0      0       0     200        0.0%
BITSFR_2             0      0       0     200        0.0%
SFR_2                0      0       0     200        0.0%
BITSFR_1             0      0       0     200        0.0%
SFR_1                0      0       0     200        0.0%
BITSFR               0      0       0     200        0.0%
SFR                  0      0       0     200        0.0%
STACK                0      0       0       2        0.0%
NULL                 0      0       0       0        0.0%
ABS                  0      0     112      69        0.0%
DATA                 0      0     112       3        0.0%
CODE                 0      0       0       0        0.0%


Microchip Technology PIC18 Macro Assembler V2.31 build 20201012212115 
Symbol Table                                                                                   Wed Mar 31 21:56:38 2021

     __size_of_SysTickSetup 0022                          l20 FDF4                          l23 FE16  
                        l17 FDC6                          l26 FDC8                          l82 FDDA  
                        l85 FE9C                          l93 FE48                          l86 FEB6  
                        u10 FE2A                          u11 FE26                          u40 FE96  
                        u41 FE92                          u50 FEF4                          u51 FEF0  
                       l823 FDF6                         l831 FEA0                         l833 FEA8  
                       l825 FE80                         l841 FEB8                         l835 FEAC  
                       l827 FE84                         l851 FECA                         l843 FEBA  
                       l837 FEB2                         l829 FE96                         l773 FDCA  
                       l781 FE3C                         l861 FEE6                         l853 FECE  
                       l845 FEBE                         l839 FEB4                         l783 FE44  
                       l775 FE18                         l855 FED0                         l847 FEC2  
                       l769 FDDC                         l777 FE2A                         l857 FED4  
                       l849 FEC6                         l779 FE3A                         l859 FEE4  
                       wreg 0004E8                        _LATA 0004BE                        _PIR3 0004B1  
                      _main FEB8                _SysTickSetup FDF6                        fsr1h 0004E2  
                      indf2 0004DF                        fsr1l 0004E1                        fsr2l 0004D9  
                      start FFFC              TimeXus@u16Temp 0511        __size_of_SystemSleep 0002  
              ___param_bank 000000                  _ClockSetup FDC6             __end_of_TimeXus FEB8  
                     ?_main 050F                       _TMR0H 000319                       _TMR0L 000318  
                     _TRISA 0004C6                       tablat 0004F5                       status 0004D8  
           __initialization FE4A                __end_of_main FEFC                      ??_main 0513  
             __activetblptr 000000                      _ANSELA 000400                      _T0CON1 00031B  
        __size_of_GpioSetup 001A                   ??_TimeXus 0511                 ?_ClockSetup 050F  
                    clear_0 FE74                      tblptrh 0004F7                      tblptrl 0004F6  
                    tblptru 0004F8                  _UserAppRun FE18                  __accesstop 0560  
   __end_of__initialization FE7A               ___rparam_used 000001            _G_u8UserAppFlags 050E  
            __pcstackCOMRAM 050F                __pidataBANK6 FEFC           __end_of_GpioSetup FDF6  
       __size_of_ClockSetup 0002                     _DAC1CON 00007F                 ?_UserAppRun 050F  
             ??_SystemSleep 050F                     __Hparam 0000                     __Lparam 0000  
                   _TimeXus FE80                     __pcinit FE4A                     __ramtop 2600  
                   __ptext0 FEB8                     __ptext1 FE18                     __ptext2 FDCA  
                   __ptext3 FE80                     __ptext4 FDC8                     __ptext5 FDF6  
                   __ptext6 FDDC                     __ptext7 FDC6        end_of_initialization FE7A  
          _G_u32SystemFlags 0501                     postdec1 0004E5                     postinc0 0004EE  
       __end_of_SystemSleep FDCA                ??_ClockSetup 050F         __size_of_UserAppRun 0032  
        __end_of_ClockSetup FDC8                   _GpioSetup FDDC         start_initialization FE4A  
             ?_SysTickSetup 050F                 _SystemSleep FDC8                 __pdataBANK6 0600  
                ?_GpioSetup 050F                 __pbssCOMRAM 0501           _UserAppInitialize FDCA  
              ??_UserAppRun 050F          ?_UserAppInitialize 050F              ??_SysTickSetup 050F  
       ??_UserAppInitialize 050F                    ?_TimeXus 050F          __end_of_UserAppRun FE4A  
                  _DAC1DATL 00007D   __end_of_UserAppInitialize FDDC                    _PIR3bits 0004B1  
               ??_GpioSetup 050F                   copy_data0 FE5E                    __Hrparam 0000  
                  __Lrparam 0000            __size_of_TimeXus 0038         UserAppRun@u8Counter 050D  
      __end_of_SysTickSetup FE18                  _T0CON0bits 00031A  __size_of_UserAppInitialize 0012  
             __size_of_main 0044                ?_SystemSleep 050F          _G_u32SystemTime1ms 0509  
         _G_u32SystemTime1s 0505         _UserApp_au8sinTable 0600          TimeXus@u16TimeXus_ 050F  
